Arguments: 
  C:\Program Files\nodejs\node.exe C:\Users\enzo2\AppData\Roaming\npm\node_modules\yarn\bin\yarn.js add @material/core

PATH: 
  C:\Python39\Scripts\;C:\Python39\;C:\Program Files (x86)\Common Files\Oracle\Java\javapath;C:\Windows\system32;C:\Windows;C:\Windows\System32\Wbem;C:\Windows\System32\WindowsPowerShell\v1.0\;C:\Windows\System32\OpenSSH\;C:\Program Files\NVIDIA Corporation\NVIDIA NvDLISR;C:\Program Files (x86)\NVIDIA Corporation\PhysX\Common;C:\Program Files\Wolfram Research\WolframScript\;C:\MinGW\bin;C:\Users\enzo2\AppData\Local\Programs\Python\Python38-32;C:\Users\enzo2\AppData\Local\Programs\Python\Python38-32\Scripts;C:\Python38-32;C:\Program Files\Git\cmd;C:\WINDOWS\system32;C:\WINDOWS;C:\WINDOWS\System32\Wbem;C:\WINDOWS\System32\WindowsPowerShell\v1.0\;C:\WINDOWS\System32\OpenSSH\;C:\ProgramData\chocolatey\bin;C:\Program Files\dotnet\;C:\Program Files\nodejs\;C:\Program Files\Docker\Docker\resources\bin;C:\ProgramData\DockerDesktop\version-bin;C:\Program Files\PostgreSQL\13\bin;C:\Program Files\7-Zip;C:\Program Files (x86)\GnuWin32\bin;C:\MinGW\msys\1.0;C:\Users\enzo2\AppData\Local\Microsoft\WindowsApps;C:\Users\enzo2\AppData\Local\Programs\Microsoft VS Code\bin;C:\Users\enzo2\AppData\Local\Programs\Python;C:\Users\enzo2\AppData\Local\Programs\Python\Python38-32;C:\Users\enzo2\AppData\Local\Programs\Python\Python38-32\Scripts;C:\Program Files\PostgreSQL\13\bin;C:\Python38-32;C:\Users\enzo2\AppData\Local\atom\bin;C:\Users\enzo2\AppData\Local\Microsoft\WindowsApps;C:\Users\enzo2\.dotnet\tools;C:\Users\enzo2\AppData\Roaming\npm

Yarn version: 
  1.22.10

Node version: 
  15.6.0

Platform: 
  win32 x64

Trace: 
  Error: https://registry.yarnpkg.com/@material%2fcore: Not found
      at Request.params.callback [as _callback] (C:\Users\enzo2\AppData\Roaming\npm\node_modules\yarn\lib\cli.js:66988:18)
      at Request.self.callback (C:\Users\enzo2\AppData\Roaming\npm\node_modules\yarn\lib\cli.js:140662:22)
      at Request.emit (node:events:379:20)
      at Request.<anonymous> (C:\Users\enzo2\AppData\Roaming\npm\node_modules\yarn\lib\cli.js:141634:10)
      at Request.emit (node:events:379:20)
      at IncomingMessage.<anonymous> (C:\Users\enzo2\AppData\Roaming\npm\node_modules\yarn\lib\cli.js:141556:12)
      at Object.onceWrapper (node:events:485:28)
      at IncomingMessage.emit (node:events:391:22)
      at endReadableNT (node:internal/streams/readable:1307:12)
      at processTicksAndRejections (node:internal/process/task_queues:81:21)

npm manifest: 
  No manifest

yarn manifest: 
  No manifest

Lockfile: 
  No lockfile
